Determining if the pthread_create exist failed with the following output:
Change Dir: /home/pi/src/mav_ws/build/mav_nonlinear_mpc/CMakeFiles/CMakeTmp

Run Build Command:"/usr/bin/make" "cmTC_833a9/fast"
/usr/bin/make -f CMakeFiles/cmTC_833a9.dir/build.make CMakeFiles/cmTC_833a9.dir/build
make[1]: Entering directory '/home/pi/src/mav_ws/build/mav_nonlinear_mpc/CMakeFiles/CMakeTmp'
Building C object CMakeFiles/cmTC_833a9.dir/CheckSymbolExists.c.o
/usr/bin/cc     -o CMakeFiles/cmTC_833a9.dir/CheckSymbolExists.c.o   -c /home/pi/src/mav_ws/build/mav_nonlinear_mpc/CMakeFiles/CMakeTmp/CheckSymbolExists.c
Linking C executable cmTC_833a9
/usr/bin/cmake -E cmake_link_script CMakeFiles/cmTC_833a9.dir/link.txt --verbose=1
/usr/bin/cc       CMakeFiles/cmTC_833a9.dir/CheckSymbolExists.c.o  -o cmTC_833a9 -rdynamic 
CMakeFiles/cmTC_833a9.dir/CheckSymbolExists.c.o: In function `main':
CheckSymbolExists.c:(.text+0xe): undefined reference to `pthread_create'
CheckSymbolExists.c:(.text+0x12): undefined reference to `pthread_create'
collect2: error: ld returned 1 exit status
CMakeFiles/cmTC_833a9.dir/build.make:97: recipe for target 'cmTC_833a9' failed
make[1]: *** [cmTC_833a9] Error 1
make[1]: Leaving directory '/home/pi/src/mav_ws/build/mav_nonlinear_mpc/CMakeFiles/CMakeTmp'
Makefile:126: recipe for target 'cmTC_833a9/fast' failed
make: *** [cmTC_833a9/fast] Error 2

File /home/pi/src/mav_ws/build/mav_nonlinear_mpc/CMakeFiles/CMakeTmp/CheckSymbolExists.c:
/* */
#include <pthread.h>

int main(int argc, char** argv)
{
  (void)argv;
#ifndef pthread_create
  return ((int*)(&pthread_create))[argc];
#else
  (void)argc;
  return 0;
#endif
}

Determining if the function pthread_create exists in the pthreads failed with the following output:
Change Dir: /home/pi/src/mav_ws/build/mav_nonlinear_mpc/CMakeFiles/CMakeTmp

Run Build Command:"/usr/bin/make" "cmTC_13895/fast"
/usr/bin/make -f CMakeFiles/cmTC_13895.dir/build.make CMakeFiles/cmTC_13895.dir/build
make[1]: Entering directory '/home/pi/src/mav_ws/build/mav_nonlinear_mpc/CMakeFiles/CMakeTmp'
Building C object CMakeFiles/cmTC_13895.dir/CheckFunctionExists.c.o
/usr/bin/cc    -DCHECK_FUNCTION_EXISTS=pthread_create   -o CMakeFiles/cmTC_13895.dir/CheckFunctionExists.c.o   -c /usr/share/cmake-3.5/Modules/CheckFunctionExists.c
Linking C executable cmTC_13895
/usr/bin/cmake -E cmake_link_script CMakeFiles/cmTC_13895.dir/link.txt --verbose=1
/usr/bin/cc   -DCHECK_FUNCTION_EXISTS=pthread_create    CMakeFiles/cmTC_13895.dir/CheckFunctionExists.c.o  -o cmTC_13895 -rdynamic -lpthreads 
/usr/bin/ld: cannot find -lpthreads
collect2: error: ld returned 1 exit status
CMakeFiles/cmTC_13895.dir/build.make:97: recipe for target 'cmTC_13895' failed
make[1]: *** [cmTC_13895] Error 1
make[1]: Leaving directory '/home/pi/src/mav_ws/build/mav_nonlinear_mpc/CMakeFiles/CMakeTmp'
Makefile:126: recipe for target 'cmTC_13895/fast' failed
make: *** [cmTC_13895/fast] Error 2


