Determining if the pthread_create exist failed with the following output:
Change Dir: /home/pi/src/mav_ws/build/mav_linear_mpc/CMakeFiles/CMakeTmp

Run Build Command:"/usr/bin/make" "cmTC_6e02e/fast"
/usr/bin/make -f CMakeFiles/cmTC_6e02e.dir/build.make CMakeFiles/cmTC_6e02e.dir/build
make[1]: Entering directory '/home/pi/src/mav_ws/build/mav_linear_mpc/CMakeFiles/CMakeTmp'
Building C object CMakeFiles/cmTC_6e02e.dir/CheckSymbolExists.c.o
/usr/bin/cc     -o CMakeFiles/cmTC_6e02e.dir/CheckSymbolExists.c.o   -c /home/pi/src/mav_ws/build/mav_linear_mpc/CMakeFiles/CMakeTmp/CheckSymbolExists.c
Linking C executable cmTC_6e02e
/usr/bin/cmake -E cmake_link_script CMakeFiles/cmTC_6e02e.dir/link.txt --verbose=1
/usr/bin/cc       CMakeFiles/cmTC_6e02e.dir/CheckSymbolExists.c.o  -o cmTC_6e02e -rdynamic 
CMakeFiles/cmTC_6e02e.dir/CheckSymbolExists.c.o: In function `main':
CheckSymbolExists.c:(.text+0xe): undefined reference to `pthread_create'
CheckSymbolExists.c:(.text+0x12): undefined reference to `pthread_create'
collect2: error: ld returned 1 exit status
CMakeFiles/cmTC_6e02e.dir/build.make:97: recipe for target 'cmTC_6e02e' failed
make[1]: *** [cmTC_6e02e] Error 1
make[1]: Leaving directory '/home/pi/src/mav_ws/build/mav_linear_mpc/CMakeFiles/CMakeTmp'
Makefile:126: recipe for target 'cmTC_6e02e/fast' failed
make: *** [cmTC_6e02e/fast] Error 2

File /home/pi/src/mav_ws/build/mav_linear_mpc/CMakeFiles/CMakeTmp/CheckSymbolExists.c:
/* */
#include <pthread.h>

int main(int argc, char** argv)
{
  (void)argv;
#ifndef pthread_create
  return ((int*)(&pthread_create))[argc];
#else
  (void)argc;
  return 0;
#endif
}

Determining if the function pthread_create exists in the pthreads failed with the following output:
Change Dir: /home/pi/src/mav_ws/build/mav_linear_mpc/CMakeFiles/CMakeTmp

Run Build Command:"/usr/bin/make" "cmTC_6de47/fast"
/usr/bin/make -f CMakeFiles/cmTC_6de47.dir/build.make CMakeFiles/cmTC_6de47.dir/build
make[1]: Entering directory '/home/pi/src/mav_ws/build/mav_linear_mpc/CMakeFiles/CMakeTmp'
Building C object CMakeFiles/cmTC_6de47.dir/CheckFunctionExists.c.o
/usr/bin/cc    -DCHECK_FUNCTION_EXISTS=pthread_create   -o CMakeFiles/cmTC_6de47.dir/CheckFunctionExists.c.o   -c /usr/share/cmake-3.5/Modules/CheckFunctionExists.c
Linking C executable cmTC_6de47
/usr/bin/cmake -E cmake_link_script CMakeFiles/cmTC_6de47.dir/link.txt --verbose=1
/usr/bin/cc   -DCHECK_FUNCTION_EXISTS=pthread_create    CMakeFiles/cmTC_6de47.dir/CheckFunctionExists.c.o  -o cmTC_6de47 -rdynamic -lpthreads 
/usr/bin/ld: cannot find -lpthreads
collect2: error: ld returned 1 exit status
CMakeFiles/cmTC_6de47.dir/build.make:97: recipe for target 'cmTC_6de47' failed
make[1]: *** [cmTC_6de47] Error 1
make[1]: Leaving directory '/home/pi/src/mav_ws/build/mav_linear_mpc/CMakeFiles/CMakeTmp'
Makefile:126: recipe for target 'cmTC_6de47/fast' failed
make: *** [cmTC_6de47/fast] Error 2


