Symlinking /home/pi/src/mav_ws/devel/share/common-lisp/ros/mav_disturbance_observer/msg/_package_ObserverState.lisp
Symlinking /home/pi/src/mav_ws/devel/share/common-lisp/ros/mav_disturbance_observer/msg/mav_disturbance_observer-msg.asd
Symlinking /home/pi/src/mav_ws/devel/share/common-lisp/ros/mav_disturbance_observer/msg/ObserverState.lisp
Symlinking /home/pi/src/mav_ws/devel/share/common-lisp/ros/mav_disturbance_observer/msg/_package.lisp
Symlinking /home/pi/src/mav_ws/devel/share/gennodejs/ros/mav_disturbance_observer/_index.js
Symlinking /home/pi/src/mav_ws/devel/share/gennodejs/ros/mav_disturbance_observer/msg/_index.js
Symlinking /home/pi/src/mav_ws/devel/share/gennodejs/ros/mav_disturbance_observer/msg/ObserverState.js
Symlinking /home/pi/src/mav_ws/devel/share/roseus/ros/mav_disturbance_observer/manifest.l
Symlinking /home/pi/src/mav_ws/devel/share/roseus/ros/mav_disturbance_observer/msg/ObserverState.l
Symlinking /home/pi/src/mav_ws/devel/share/mav_disturbance_observer/docs/KFDisturbanceObserverConfig-usage.dox
Symlinking /home/pi/src/mav_ws/devel/share/mav_disturbance_observer/docs/KFDisturbanceObserverConfig.dox
Symlinking /home/pi/src/mav_ws/devel/share/mav_disturbance_observer/docs/KFDisturbanceObserverConfig.wikidoc
Symlinking /home/pi/src/mav_ws/devel/share/mav_disturbance_observer/cmake/mav_disturbance_observer-msg-paths.cmake
Symlinking /home/pi/src/mav_ws/devel/share/mav_disturbance_observer/cmake/mav_disturbance_observerConfig.cmake
Symlinking /home/pi/src/mav_ws/devel/share/mav_disturbance_observer/cmake/mav_disturbance_observerConfig-version.cmake
Symlinking /home/pi/src/mav_ws/devel/share/mav_disturbance_observer/cmake/mav_disturbance_observer-msg-extras.cmake
Symlinking /home/pi/src/mav_ws/devel/lib/libKFDisturbanceObserverLibrary.so
Symlinking /home/pi/src/mav_ws/devel/lib/python2.7/dist-packages/mav_disturbance_observer/__init__.py
Symlinking /home/pi/src/mav_ws/devel/lib/python2.7/dist-packages/mav_disturbance_observer/msg/_ObserverState.py
Symlinking /home/pi/src/mav_ws/devel/lib/python2.7/dist-packages/mav_disturbance_observer/msg/__init__.py
Symlinking /home/pi/src/mav_ws/devel/lib/python2.7/dist-packages/mav_disturbance_observer/cfg/KFDisturbanceObserverConfig.py
Symlinking /home/pi/src/mav_ws/devel/lib/python2.7/dist-packages/mav_disturbance_observer/cfg/__init__.py
Symlinking /home/pi/src/mav_ws/devel/lib/pkgconfig/mav_disturbance_observer.pc
Symlinking /home/pi/src/mav_ws/devel/include/mav_disturbance_observer/ObserverState.h
Symlinking /home/pi/src/mav_ws/devel/include/mav_disturbance_observer/KFDisturbanceObserverConfig.h
