Determining if the pthread_create exist failed with the following output:
Change Dir: /home/pi/src/mav_ws/build/catkin_simple/CMakeFiles/CMakeTmp

Run Build Command:"/usr/bin/make" "cmTC_40f97/fast"
/usr/bin/make -f CMakeFiles/cmTC_40f97.dir/build.make CMakeFiles/cmTC_40f97.dir/build
make[1]: Entering directory '/home/pi/src/mav_ws/build/catkin_simple/CMakeFiles/CMakeTmp'
Building C object CMakeFiles/cmTC_40f97.dir/CheckSymbolExists.c.o
/usr/bin/cc     -o CMakeFiles/cmTC_40f97.dir/CheckSymbolExists.c.o   -c /home/pi/src/mav_ws/build/catkin_simple/CMakeFiles/CMakeTmp/CheckSymbolExists.c
Linking C executable cmTC_40f97
/usr/bin/cmake -E cmake_link_script CMakeFiles/cmTC_40f97.dir/link.txt --verbose=1
/usr/bin/cc       CMakeFiles/cmTC_40f97.dir/CheckSymbolExists.c.o  -o cmTC_40f97 -rdynamic 
CMakeFiles/cmTC_40f97.dir/CheckSymbolExists.c.o: In function `main':
CheckSymbolExists.c:(.text+0xe): undefined reference to `pthread_create'
CheckSymbolExists.c:(.text+0x12): undefined reference to `pthread_create'
collect2: error: ld returned 1 exit status
CMakeFiles/cmTC_40f97.dir/build.make:97: recipe for target 'cmTC_40f97' failed
make[1]: *** [cmTC_40f97] Error 1
make[1]: Leaving directory '/home/pi/src/mav_ws/build/catkin_simple/CMakeFiles/CMakeTmp'
Makefile:126: recipe for target 'cmTC_40f97/fast' failed
make: *** [cmTC_40f97/fast] Error 2

File /home/pi/src/mav_ws/build/catkin_simple/CMakeFiles/CMakeTmp/CheckSymbolExists.c:
/* */
#include <pthread.h>

int main(int argc, char** argv)
{
  (void)argv;
#ifndef pthread_create
  return ((int*)(&pthread_create))[argc];
#else
  (void)argc;
  return 0;
#endif
}

Determining if the function pthread_create exists in the pthreads failed with the following output:
Change Dir: /home/pi/src/mav_ws/build/catkin_simple/CMakeFiles/CMakeTmp

Run Build Command:"/usr/bin/make" "cmTC_638a0/fast"
/usr/bin/make -f CMakeFiles/cmTC_638a0.dir/build.make CMakeFiles/cmTC_638a0.dir/build
make[1]: Entering directory '/home/pi/src/mav_ws/build/catkin_simple/CMakeFiles/CMakeTmp'
Building C object CMakeFiles/cmTC_638a0.dir/CheckFunctionExists.c.o
/usr/bin/cc    -DCHECK_FUNCTION_EXISTS=pthread_create   -o CMakeFiles/cmTC_638a0.dir/CheckFunctionExists.c.o   -c /usr/share/cmake-3.5/Modules/CheckFunctionExists.c
Linking C executable cmTC_638a0
/usr/bin/cmake -E cmake_link_script CMakeFiles/cmTC_638a0.dir/link.txt --verbose=1
/usr/bin/cc   -DCHECK_FUNCTION_EXISTS=pthread_create    CMakeFiles/cmTC_638a0.dir/CheckFunctionExists.c.o  -o cmTC_638a0 -rdynamic -lpthreads 
/usr/bin/ld: cannot find -lpthreads
collect2: error: ld returned 1 exit status
CMakeFiles/cmTC_638a0.dir/build.make:97: recipe for target 'cmTC_638a0' failed
make[1]: *** [cmTC_638a0] Error 1
make[1]: Leaving directory '/home/pi/src/mav_ws/build/catkin_simple/CMakeFiles/CMakeTmp'
Makefile:126: recipe for target 'cmTC_638a0/fast' failed
make: *** [cmTC_638a0/fast] Error 2


