Determining if the pthread_create exist failed with the following output:
Change Dir: /home/pi/src/mav_ws/build/libmavconn/CMakeFiles/CMakeTmp

Run Build Command:"/usr/bin/make" "cmTC_1b137/fast"
/usr/bin/make -f CMakeFiles/cmTC_1b137.dir/build.make CMakeFiles/cmTC_1b137.dir/build
make[1]: Entering directory '/home/pi/src/mav_ws/build/libmavconn/CMakeFiles/CMakeTmp'
Building C object CMakeFiles/cmTC_1b137.dir/CheckSymbolExists.c.o
/usr/bin/cc     -o CMakeFiles/cmTC_1b137.dir/CheckSymbolExists.c.o   -c /home/pi/src/mav_ws/build/libmavconn/CMakeFiles/CMakeTmp/CheckSymbolExists.c
Linking C executable cmTC_1b137
/usr/bin/cmake -E cmake_link_script CMakeFiles/cmTC_1b137.dir/link.txt --verbose=1
/usr/bin/cc       CMakeFiles/cmTC_1b137.dir/CheckSymbolExists.c.o  -o cmTC_1b137 -rdynamic 
CMakeFiles/cmTC_1b137.dir/CheckSymbolExists.c.o: In function `main':
CheckSymbolExists.c:(.text+0xe): undefined reference to `pthread_create'
CheckSymbolExists.c:(.text+0x12): undefined reference to `pthread_create'
collect2: error: ld returned 1 exit status
CMakeFiles/cmTC_1b137.dir/build.make:97: recipe for target 'cmTC_1b137' failed
make[1]: *** [cmTC_1b137] Error 1
make[1]: Leaving directory '/home/pi/src/mav_ws/build/libmavconn/CMakeFiles/CMakeTmp'
Makefile:126: recipe for target 'cmTC_1b137/fast' failed
make: *** [cmTC_1b137/fast] Error 2

File /home/pi/src/mav_ws/build/libmavconn/CMakeFiles/CMakeTmp/CheckSymbolExists.c:
/* */
#include <pthread.h>

int main(int argc, char** argv)
{
  (void)argv;
#ifndef pthread_create
  return ((int*)(&pthread_create))[argc];
#else
  (void)argc;
  return 0;
#endif
}

Determining if the function pthread_create exists in the pthreads failed with the following output:
Change Dir: /home/pi/src/mav_ws/build/libmavconn/CMakeFiles/CMakeTmp

Run Build Command:"/usr/bin/make" "cmTC_a62ca/fast"
/usr/bin/make -f CMakeFiles/cmTC_a62ca.dir/build.make CMakeFiles/cmTC_a62ca.dir/build
make[1]: Entering directory '/home/pi/src/mav_ws/build/libmavconn/CMakeFiles/CMakeTmp'
Building C object CMakeFiles/cmTC_a62ca.dir/CheckFunctionExists.c.o
/usr/bin/cc    -DCHECK_FUNCTION_EXISTS=pthread_create   -o CMakeFiles/cmTC_a62ca.dir/CheckFunctionExists.c.o   -c /usr/share/cmake-3.5/Modules/CheckFunctionExists.c
Linking C executable cmTC_a62ca
/usr/bin/cmake -E cmake_link_script CMakeFiles/cmTC_a62ca.dir/link.txt --verbose=1
/usr/bin/cc   -DCHECK_FUNCTION_EXISTS=pthread_create    CMakeFiles/cmTC_a62ca.dir/CheckFunctionExists.c.o  -o cmTC_a62ca -rdynamic -lpthreads 
/usr/bin/ld: cannot find -lpthreads
collect2: error: ld returned 1 exit status
CMakeFiles/cmTC_a62ca.dir/build.make:97: recipe for target 'cmTC_a62ca' failed
make[1]: *** [cmTC_a62ca] Error 1
make[1]: Leaving directory '/home/pi/src/mav_ws/build/libmavconn/CMakeFiles/CMakeTmp'
Makefile:126: recipe for target 'cmTC_a62ca/fast' failed
make: *** [cmTC_a62ca/fast] Error 2


