[35m[1mScanning dependencies of target dynamic_reconfigure_generate_messages_py[0m
[  0%] Built target dynamic_reconfigure_generate_messages_py
[35m[1mScanning dependencies of target tf2_msgs_generate_messages_py[0m
[  0%] Built target tf2_msgs_generate_messages_py
[35m[1mScanning dependencies of target tf2_msgs_generate_messages_nodejs[0m
[  0%] Built target tf2_msgs_generate_messages_nodejs
[35m[1mScanning dependencies of target tf2_msgs_generate_messages_lisp[0m
[  0%] Built target tf2_msgs_generate_messages_lisp
[35m[1mScanning dependencies of target tf2_msgs_generate_messages_eus[0m
[  0%] Built target tf2_msgs_generate_messages_eus
[35m[1mScanning dependencies of target tf2_msgs_generate_messages_cpp[0m
[  0%] Built target tf2_msgs_generate_messages_cpp
[35m[1mScanning dependencies of target actionlib_msgs_generate_messages_py[0m
[  0%] Built target actionlib_msgs_generate_messages_py
[35m[1mScanning dependencies of target actionlib_msgs_generate_messages_eus[0m
[  0%] Built target actionlib_msgs_generate_messages_eus
[35m[1mScanning dependencies of target actionlib_msgs_generate_messages_cpp[0m
[  0%] Built target actionlib_msgs_generate_messages_cpp
[35m[1mScanning dependencies of target actionlib_generate_messages_py[0m
[  0%] Built target actionlib_generate_messages_py
[35m[1mScanning dependencies of target actionlib_generate_messages_lisp[0m
[  0%] Built target actionlib_generate_messages_lisp
[35m[1mScanning dependencies of target actionlib_generate_messages_cpp[0m
[  0%] Built target actionlib_generate_messages_cpp
[35m[1mScanning dependencies of target sensor_msgs_generate_messages_nodejs[0m
[  0%] Built target sensor_msgs_generate_messages_nodejs
[35m[1mScanning dependencies of target actionlib_generate_messages_eus[0m
[  0%] Built target actionlib_generate_messages_eus
[35m[1mScanning dependencies of target sensor_msgs_generate_messages_eus[0m
[  0%] Built target sensor_msgs_generate_messages_eus
[35m[1mScanning dependencies of target geometry_msgs_generate_messages_py[0m
[  0%] Built target geometry_msgs_generate_messages_py
[35m[1mScanning dependencies of target mav_lowlevel_attitude_controller_gencfg[0m
[ 20%] [34m[1mGenerating dynamic reconfigure files from cfg/PIDAttitude.cfg: /home/pi/src/mav_ws/devel/.private/mav_lowlevel_attitude_controller/include/mav_lowlevel_attitude_controller/PIDAttitudeConfig.h /home/pi/src/mav_ws/devel/.private/mav_lowlevel_attitude_controller/lib/python2.7/dist-packages/mav_lowlevel_attitude_controller/cfg/PIDAttitudeConfig.py[0m
Generating reconfiguration files for PIDAttitude in mav_linear_mpc
Wrote header file in /home/pi/src/mav_ws/devel/.private/mav_lowlevel_attitude_controller/include/mav_lowlevel_attitude_controller/PIDAttitudeConfig.h
[ 20%] Built target mav_lowlevel_attitude_controller_gencfg
[35m[1mScanning dependencies of target tf_generate_messages_py[0m
[ 20%] Built target tf_generate_messages_py
[35m[1mScanning dependencies of target geometry_msgs_generate_messages_eus[0m
[ 20%] Built target geometry_msgs_generate_messages_eus
[35m[1mScanning dependencies of target tf_generate_messages_lisp[0m
[ 20%] Built target tf_generate_messages_lisp
[35m[1mScanning dependencies of target std_msgs_generate_messages_py[0m
[ 20%] Built target std_msgs_generate_messages_py
[35m[1mScanning dependencies of target std_msgs_generate_messages_nodejs[0m
[ 20%] Built target std_msgs_generate_messages_nodejs
[35m[1mScanning dependencies of target std_msgs_generate_messages_lisp[0m
[ 20%] Built target std_msgs_generate_messages_lisp
[35m[1mScanning dependencies of target std_msgs_generate_messages_eus[0m
[ 20%] Built target std_msgs_generate_messages_eus
[35m[1mScanning dependencies of target geometry_msgs_generate_messages_lisp[0m
[ 20%] Built target geometry_msgs_generate_messages_lisp
[35m[1mScanning dependencies of target std_msgs_generate_messages_cpp[0m
[ 20%] Built target std_msgs_generate_messages_cpp
[35m[1mScanning dependencies of target tf_generate_messages_eus[0m
[ 20%] Built target tf_generate_messages_eus
[35m[1mScanning dependencies of target geometry_msgs_generate_messages_cpp[0m
[ 20%] Built target geometry_msgs_generate_messages_cpp
[35m[1mScanning dependencies of target trajectory_msgs_generate_messages_eus[0m
[ 20%] Built target trajectory_msgs_generate_messages_eus
[35m[1mScanning dependencies of target roscpp_generate_messages_cpp[0m
[ 20%] Built target roscpp_generate_messages_cpp
[35m[1mScanning dependencies of target actionlib_msgs_generate_messages_nodejs[0m
[ 20%] Built target actionlib_msgs_generate_messages_nodejs
[35m[1mScanning dependencies of target actionlib_msgs_generate_messages_lisp[0m
[ 20%] Built target actionlib_msgs_generate_messages_lisp
[35m[1mScanning dependencies of target trajectory_msgs_generate_messages_nodejs[0m
[ 20%] Built target trajectory_msgs_generate_messages_nodejs
[35m[1mScanning dependencies of target geometry_msgs_generate_messages_nodejs[0m
[ 20%] Built target geometry_msgs_generate_messages_nodejs
[35m[1mScanning dependencies of target mav_msgs_generate_messages_eus[0m
[ 20%] Built target mav_msgs_generate_messages_eus
[35m[1mScanning dependencies of target sensor_msgs_generate_messages_cpp[0m
[ 20%] Built target sensor_msgs_generate_messages_cpp
[35m[1mScanning dependencies of target trajectory_msgs_generate_messages_lisp[0m
[ 20%] Built target trajectory_msgs_generate_messages_lisp
[35m[1mScanning dependencies of target mav_msgs_generate_messages_py[0m
[ 20%] Built target mav_msgs_generate_messages_py
[35m[1mScanning dependencies of target mav_msgs_generate_messages_nodejs[0m
[ 20%] Built target mav_msgs_generate_messages_nodejs
[35m[1mScanning dependencies of target tf_generate_messages_nodejs[0m
[ 20%] Built target tf_generate_messages_nodejs
[35m[1mScanning dependencies of target tf_generate_messages_cpp[0m
[ 20%] Built target tf_generate_messages_cpp
[35m[1mScanning dependencies of target trajectory_msgs_generate_messages_cpp[0m
[ 20%] Built target trajectory_msgs_generate_messages_cpp
[35m[1mScanning dependencies of target roscpp_generate_messages_eus[0m
[ 20%] Built target roscpp_generate_messages_eus
[35m[1mScanning dependencies of target dynamic_reconfigure_generate_messages_lisp[0m
[ 20%] Built target dynamic_reconfigure_generate_messages_lisp
[35m[1mScanning dependencies of target sensor_msgs_generate_messages_lisp[0m
[ 20%] Built target sensor_msgs_generate_messages_lisp
[35m[1mScanning dependencies of target roscpp_generate_messages_lisp[0m
[ 20%] Built target roscpp_generate_messages_lisp
[35m[1mScanning dependencies of target rosgraph_msgs_generate_messages_eus[0m
[ 20%] Built target rosgraph_msgs_generate_messages_eus
[35m[1mScanning dependencies of target mav_msgs_generate_messages_cpp[0m
[ 20%] Built target mav_msgs_generate_messages_cpp
[35m[1mScanning dependencies of target roscpp_generate_messages_py[0m
[ 20%] Built target roscpp_generate_messages_py
[35m[1mScanning dependencies of target roscpp_generate_messages_nodejs[0m
[ 20%] Built target roscpp_generate_messages_nodejs
[35m[1mScanning dependencies of target rosgraph_msgs_generate_messages_cpp[0m
[ 20%] Built target rosgraph_msgs_generate_messages_cpp
[35m[1mScanning dependencies of target trajectory_msgs_generate_messages_py[0m
[ 20%] Built target trajectory_msgs_generate_messages_py
[35m[1mScanning dependencies of target rosgraph_msgs_generate_messages_lisp[0m
[ 20%] Built target rosgraph_msgs_generate_messages_lisp
[35m[1mScanning dependencies of target rosgraph_msgs_generate_messages_nodejs[0m
[ 20%] Built target rosgraph_msgs_generate_messages_nodejs
[35m[1mScanning dependencies of target dynamic_reconfigure_gencfg[0m
[ 20%] Built target dynamic_reconfigure_gencfg
[35m[1mScanning dependencies of target rosgraph_msgs_generate_messages_py[0m
[ 20%] Built target rosgraph_msgs_generate_messages_py
[35m[1mScanning dependencies of target dynamic_reconfigure_generate_messages_cpp[0m
[ 20%] Built target dynamic_reconfigure_generate_messages_cpp
[35m[1mScanning dependencies of target dynamic_reconfigure_generate_messages_eus[0m
[ 20%] Built target dynamic_reconfigure_generate_messages_eus
[35m[1mScanning dependencies of target sensor_msgs_generate_messages_py[0m
[ 20%] Built target sensor_msgs_generate_messages_py
[35m[1mScanning dependencies of target mav_msgs_generate_messages_lisp[0m
[ 20%] Built target mav_msgs_generate_messages_lisp
[35m[1mScanning dependencies of target dynamic_reconfigure_generate_messages_nodejs[0m
[ 20%] Built target dynamic_reconfigure_generate_messages_nodejs
[35m[1mScanning dependencies of target actionlib_generate_messages_nodejs[0m
[ 20%] Built target actionlib_generate_messages_nodejs
[35m[1mScanning dependencies of target pid_attitude_controller_lib[0m
[ 40%] [32mBuilding CXX object CMakeFiles/pid_attitude_controller_lib.dir/src/PID_attitude_controller.cc.o[0m
In file included from [01m[K/opt/ros/kinetic/include/ros/ros.h:40:0[m[K,
                 from [01m[K/home/pi/src/mav_ws/src/mav_comm/mav_msgs/include/mav_msgs/conversions.h:32[m[K,
                 from [01m[K/home/pi/src/mav_ws/src/mav_control_rw/mav_lowlevel_attitude_controller/include/mav_lowlevel_attitude_controller/PID_attitude_controller.h:16[m[K,
                 from [01m[K/home/pi/src/mav_ws/src/mav_control_rw/mav_lowlevel_attitude_controller/src/PID_attitude_controller.cc:16[m[K:
[01m[K/home/pi/src/mav_ws/src/mav_comm/mav_msgs/include/mav_msgs/conversions.h:[m[K In function ‘[01m[Kvoid mav_msgs::eigenTrajectoryPointFromMsg(const MultiDOFJointTrajectoryPoint&, mav_msgs::EigenTrajectoryPoint*)[m[K’:
[01m[K/opt/ros/kinetic/include/ros/console.h:346:176:[m[K [01;35m[Kwarning: [m[Kformat ‘[01m[K%lu[m[K’ expects argument of type ‘[01m[Klong unsigned int[m[K’, but argument 8 has type ‘[01m[Kstd::vector<geometry_msgs::Transform_<std::allocator<void> >, std::allocator<geometry_msgs::Transform_<std::allocator<void> > > >::size_type {aka unsigned int}[m[K’ [-Wformat=]
     ::ros::console::print(filter, __rosconsole_define_location__loc.logger_, __rosconsole_define_location__loc.level_, __FILE__, __LINE__, __ROSCONSOLE_FUNCTION__, __VA_ARGS__)
[01;32m[K                                                                                                                                                                                ^[m[K
[01m[K/opt/ros/kinetic/include/ros/console.h:349:5:[m[K [01;36m[Knote: [m[Kin expansion of macro ‘[01m[KROSCONSOLE_PRINT_AT_LOCATION_WITH_FILTER[m[K’
     ROSCONSOLE_PRINT_AT_LOCATION_WITH_FILTER(0, __VA_ARGS__)
[01;32m[K     ^[m[K
[01m[K/opt/ros/kinetic/include/ros/console.h:379:7:[m[K [01;36m[Knote: [m[Kin expansion of macro ‘[01m[KROSCONSOLE_PRINT_AT_LOCATION[m[K’
       ROSCONSOLE_PRINT_AT_LOCATION(__VA_ARGS__); \
[01;32m[K       ^[m[K
[01m[K/opt/ros/kinetic/include/ros/console.h:561:35:[m[K [01;36m[Knote: [m[Kin expansion of macro ‘[01m[KROS_LOG_COND[m[K’
 #define ROS_LOG(level, name, ...) ROS_LOG_COND(true, level, name, __VA_ARGS__)
[01;32m[K                                   ^[m[K
[01m[K/opt/ros/kinetic/include/rosconsole/macros_generated.h:162:23:[m[K [01;36m[Knote: [m[Kin expansion of macro ‘[01m[KROS_LOG[m[K’
 #define ROS_WARN(...) ROS_LOG(::ros::console::levels::Warn, ROSCONSOLE_DEFAULT_NAME, __VA_ARGS__)
[01;32m[K                       ^[m[K
[01m[K/home/pi/src/mav_ws/src/mav_comm/mav_msgs/include/mav_msgs/conversions.h:321:5:[m[K [01;36m[Knote: [m[Kin expansion of macro ‘[01m[KROS_WARN[m[K’
     ROS_WARN(
[01;32m[K     ^[m[K
[ 60%] [32m[1mLinking CXX shared library /home/pi/src/mav_ws/devel/.private/mav_lowlevel_attitude_controller/lib/libpid_attitude_controller_lib.so[0m
[ 60%] Built target pid_attitude_controller_lib
[35m[1mScanning dependencies of target mav_pid_attitude_controller_node[0m
[ 80%] [32mBuilding CXX object CMakeFiles/mav_pid_attitude_controller_node.dir/src/PID_attitude_controller_node.cc.o[0m
In file included from [01m[K/opt/ros/kinetic/include/ros/ros.h:40:0[m[K,
                 from [01m[K/home/pi/src/mav_ws/src/mav_control_rw/mav_lowlevel_attitude_controller/include/mav_lowlevel_attitude_controller/PID_attitude_controller_node.h:18[m[K,
                 from [01m[K/home/pi/src/mav_ws/src/mav_control_rw/mav_lowlevel_attitude_controller/src/PID_attitude_controller_node.cc:18[m[K:
[01m[K/home/pi/src/mav_ws/src/mav_comm/mav_msgs/include/mav_msgs/conversions.h:[m[K In function ‘[01m[Kvoid mav_msgs::eigenTrajectoryPointFromMsg(const MultiDOFJointTrajectoryPoint&, mav_msgs::EigenTrajectoryPoint*)[m[K’:
[01m[K/opt/ros/kinetic/include/ros/console.h:346:176:[m[K [01;35m[Kwarning: [m[Kformat ‘[01m[K%lu[m[K’ expects argument of type ‘[01m[Klong unsigned int[m[K’, but argument 8 has type ‘[01m[Kstd::vector<geometry_msgs::Transform_<std::allocator<void> >, std::allocator<geometry_msgs::Transform_<std::allocator<void> > > >::size_type {aka unsigned int}[m[K’ [-Wformat=]
     ::ros::console::print(filter, __rosconsole_define_location__loc.logger_, __rosconsole_define_location__loc.level_, __FILE__, __LINE__, __ROSCONSOLE_FUNCTION__, __VA_ARGS__)
[01;32m[K                                                                                                                                                                                ^[m[K
[01m[K/opt/ros/kinetic/include/ros/console.h:349:5:[m[K [01;36m[Knote: [m[Kin expansion of macro ‘[01m[KROSCONSOLE_PRINT_AT_LOCATION_WITH_FILTER[m[K’
     ROSCONSOLE_PRINT_AT_LOCATION_WITH_FILTER(0, __VA_ARGS__)
[01;32m[K     ^[m[K
[01m[K/opt/ros/kinetic/include/ros/console.h:379:7:[m[K [01;36m[Knote: [m[Kin expansion of macro ‘[01m[KROSCONSOLE_PRINT_AT_LOCATION[m[K’
       ROSCONSOLE_PRINT_AT_LOCATION(__VA_ARGS__); \
[01;32m[K       ^[m[K
[01m[K/opt/ros/kinetic/include/ros/console.h:561:35:[m[K [01;36m[Knote: [m[Kin expansion of macro ‘[01m[KROS_LOG_COND[m[K’
 #define ROS_LOG(level, name, ...) ROS_LOG_COND(true, level, name, __VA_ARGS__)
[01;32m[K                                   ^[m[K
[01m[K/opt/ros/kinetic/include/rosconsole/macros_generated.h:162:23:[m[K [01;36m[Knote: [m[Kin expansion of macro ‘[01m[KROS_LOG[m[K’
 #define ROS_WARN(...) ROS_LOG(::ros::console::levels::Warn, ROSCONSOLE_DEFAULT_NAME, __VA_ARGS__)
[01;32m[K                       ^[m[K
[01m[K/home/pi/src/mav_ws/src/mav_comm/mav_msgs/include/mav_msgs/conversions.h:321:5:[m[K [01;36m[Knote: [m[Kin expansion of macro ‘[01m[KROS_WARN[m[K’
     ROS_WARN(
[01;32m[K     ^[m[K
[100%] [32m[1mLinking CXX executable /home/pi/src/mav_ws/devel/.private/mav_lowlevel_attitude_controller/lib/mav_lowlevel_attitude_controller/mav_pid_attitude_controller_node[0m
[100%] Built target mav_pid_attitude_controller_node
