Determining if the pthread_create exist failed with the following output:
Change Dir: /home/pi/src/mav_ws/build/mav_lowlevel_attitude_controller/CMakeFiles/CMakeTmp

Run Build Command:"/usr/bin/make" "cmTC_4dc17/fast"
/usr/bin/make -f CMakeFiles/cmTC_4dc17.dir/build.make CMakeFiles/cmTC_4dc17.dir/build
make[1]: Entering directory '/home/pi/src/mav_ws/build/mav_lowlevel_attitude_controller/CMakeFiles/CMakeTmp'
Building C object CMakeFiles/cmTC_4dc17.dir/CheckSymbolExists.c.o
/usr/bin/cc     -o CMakeFiles/cmTC_4dc17.dir/CheckSymbolExists.c.o   -c /home/pi/src/mav_ws/build/mav_lowlevel_attitude_controller/CMakeFiles/CMakeTmp/CheckSymbolExists.c
Linking C executable cmTC_4dc17
/usr/bin/cmake -E cmake_link_script CMakeFiles/cmTC_4dc17.dir/link.txt --verbose=1
/usr/bin/cc       CMakeFiles/cmTC_4dc17.dir/CheckSymbolExists.c.o  -o cmTC_4dc17 -rdynamic 
CMakeFiles/cmTC_4dc17.dir/CheckSymbolExists.c.o: In function `main':
CheckSymbolExists.c:(.text+0xe): undefined reference to `pthread_create'
CheckSymbolExists.c:(.text+0x12): undefined reference to `pthread_create'
collect2: error: ld returned 1 exit status
CMakeFiles/cmTC_4dc17.dir/build.make:97: recipe for target 'cmTC_4dc17' failed
make[1]: *** [cmTC_4dc17] Error 1
make[1]: Leaving directory '/home/pi/src/mav_ws/build/mav_lowlevel_attitude_controller/CMakeFiles/CMakeTmp'
Makefile:126: recipe for target 'cmTC_4dc17/fast' failed
make: *** [cmTC_4dc17/fast] Error 2

File /home/pi/src/mav_ws/build/mav_lowlevel_attitude_controller/CMakeFiles/CMakeTmp/CheckSymbolExists.c:
/* */
#include <pthread.h>

int main(int argc, char** argv)
{
  (void)argv;
#ifndef pthread_create
  return ((int*)(&pthread_create))[argc];
#else
  (void)argc;
  return 0;
#endif
}

Determining if the function pthread_create exists in the pthreads failed with the following output:
Change Dir: /home/pi/src/mav_ws/build/mav_lowlevel_attitude_controller/CMakeFiles/CMakeTmp

Run Build Command:"/usr/bin/make" "cmTC_1eb42/fast"
/usr/bin/make -f CMakeFiles/cmTC_1eb42.dir/build.make CMakeFiles/cmTC_1eb42.dir/build
make[1]: Entering directory '/home/pi/src/mav_ws/build/mav_lowlevel_attitude_controller/CMakeFiles/CMakeTmp'
Building C object CMakeFiles/cmTC_1eb42.dir/CheckFunctionExists.c.o
/usr/bin/cc    -DCHECK_FUNCTION_EXISTS=pthread_create   -o CMakeFiles/cmTC_1eb42.dir/CheckFunctionExists.c.o   -c /usr/share/cmake-3.5/Modules/CheckFunctionExists.c
Linking C executable cmTC_1eb42
/usr/bin/cmake -E cmake_link_script CMakeFiles/cmTC_1eb42.dir/link.txt --verbose=1
/usr/bin/cc   -DCHECK_FUNCTION_EXISTS=pthread_create    CMakeFiles/cmTC_1eb42.dir/CheckFunctionExists.c.o  -o cmTC_1eb42 -rdynamic -lpthreads 
/usr/bin/ld: cannot find -lpthreads
collect2: error: ld returned 1 exit status
CMakeFiles/cmTC_1eb42.dir/build.make:97: recipe for target 'cmTC_1eb42' failed
make[1]: *** [cmTC_1eb42] Error 1
make[1]: Leaving directory '/home/pi/src/mav_ws/build/mav_lowlevel_attitude_controller/CMakeFiles/CMakeTmp'
Makefile:126: recipe for target 'cmTC_1eb42/fast' failed
make: *** [cmTC_1eb42/fast] Error 2


