Determining if the pthread_create exist failed with the following output:
Change Dir: /home/pi/src/mav_ws/build/mav_control_interface/CMakeFiles/CMakeTmp

Run Build Command:"/usr/bin/make" "cmTC_33bc1/fast"
/usr/bin/make -f CMakeFiles/cmTC_33bc1.dir/build.make CMakeFiles/cmTC_33bc1.dir/build
make[1]: Entering directory '/home/pi/src/mav_ws/build/mav_control_interface/CMakeFiles/CMakeTmp'
Building C object CMakeFiles/cmTC_33bc1.dir/CheckSymbolExists.c.o
/usr/bin/cc     -o CMakeFiles/cmTC_33bc1.dir/CheckSymbolExists.c.o   -c /home/pi/src/mav_ws/build/mav_control_interface/CMakeFiles/CMakeTmp/CheckSymbolExists.c
Linking C executable cmTC_33bc1
/usr/bin/cmake -E cmake_link_script CMakeFiles/cmTC_33bc1.dir/link.txt --verbose=1
/usr/bin/cc       CMakeFiles/cmTC_33bc1.dir/CheckSymbolExists.c.o  -o cmTC_33bc1 -rdynamic 
CMakeFiles/cmTC_33bc1.dir/CheckSymbolExists.c.o: In function `main':
CheckSymbolExists.c:(.text+0xe): undefined reference to `pthread_create'
CheckSymbolExists.c:(.text+0x12): undefined reference to `pthread_create'
collect2: error: ld returned 1 exit status
CMakeFiles/cmTC_33bc1.dir/build.make:97: recipe for target 'cmTC_33bc1' failed
make[1]: *** [cmTC_33bc1] Error 1
make[1]: Leaving directory '/home/pi/src/mav_ws/build/mav_control_interface/CMakeFiles/CMakeTmp'
Makefile:126: recipe for target 'cmTC_33bc1/fast' failed
make: *** [cmTC_33bc1/fast] Error 2

File /home/pi/src/mav_ws/build/mav_control_interface/CMakeFiles/CMakeTmp/CheckSymbolExists.c:
/* */
#include <pthread.h>

int main(int argc, char** argv)
{
  (void)argv;
#ifndef pthread_create
  return ((int*)(&pthread_create))[argc];
#else
  (void)argc;
  return 0;
#endif
}

Determining if the function pthread_create exists in the pthreads failed with the following output:
Change Dir: /home/pi/src/mav_ws/build/mav_control_interface/CMakeFiles/CMakeTmp

Run Build Command:"/usr/bin/make" "cmTC_dea1c/fast"
/usr/bin/make -f CMakeFiles/cmTC_dea1c.dir/build.make CMakeFiles/cmTC_dea1c.dir/build
make[1]: Entering directory '/home/pi/src/mav_ws/build/mav_control_interface/CMakeFiles/CMakeTmp'
Building C object CMakeFiles/cmTC_dea1c.dir/CheckFunctionExists.c.o
/usr/bin/cc    -DCHECK_FUNCTION_EXISTS=pthread_create   -o CMakeFiles/cmTC_dea1c.dir/CheckFunctionExists.c.o   -c /usr/share/cmake-3.5/Modules/CheckFunctionExists.c
Linking C executable cmTC_dea1c
/usr/bin/cmake -E cmake_link_script CMakeFiles/cmTC_dea1c.dir/link.txt --verbose=1
/usr/bin/cc   -DCHECK_FUNCTION_EXISTS=pthread_create    CMakeFiles/cmTC_dea1c.dir/CheckFunctionExists.c.o  -o cmTC_dea1c -rdynamic -lpthreads 
/usr/bin/ld: cannot find -lpthreads
collect2: error: ld returned 1 exit status
CMakeFiles/cmTC_dea1c.dir/build.make:97: recipe for target 'cmTC_dea1c' failed
make[1]: *** [cmTC_dea1c] Error 1
make[1]: Leaving directory '/home/pi/src/mav_ws/build/mav_control_interface/CMakeFiles/CMakeTmp'
Makefile:126: recipe for target 'cmTC_dea1c/fast' failed
make: *** [cmTC_dea1c/fast] Error 2


Determining if the pthread_create exist failed with the following output:
Change Dir: /home/pi/src/mav_ws/build/mav_control_interface/CMakeFiles/CMakeTmp

Run Build Command:"/usr/bin/make" "cmTC_89bf6/fast"
/usr/bin/make -f CMakeFiles/cmTC_89bf6.dir/build.make CMakeFiles/cmTC_89bf6.dir/build
make[1]: Entering directory '/home/pi/src/mav_ws/build/mav_control_interface/CMakeFiles/CMakeTmp'
Building C object CMakeFiles/cmTC_89bf6.dir/CheckSymbolExists.c.o
/usr/bin/cc     -o CMakeFiles/cmTC_89bf6.dir/CheckSymbolExists.c.o   -c /home/pi/src/mav_ws/build/mav_control_interface/CMakeFiles/CMakeTmp/CheckSymbolExists.c
Linking C executable cmTC_89bf6
/usr/bin/cmake -E cmake_link_script CMakeFiles/cmTC_89bf6.dir/link.txt --verbose=1
/usr/bin/cc       CMakeFiles/cmTC_89bf6.dir/CheckSymbolExists.c.o  -o cmTC_89bf6 -rdynamic 
CMakeFiles/cmTC_89bf6.dir/CheckSymbolExists.c.o: In function `main':
CheckSymbolExists.c:(.text+0xe): undefined reference to `pthread_create'
CheckSymbolExists.c:(.text+0x12): undefined reference to `pthread_create'
collect2: error: ld returned 1 exit status
CMakeFiles/cmTC_89bf6.dir/build.make:97: recipe for target 'cmTC_89bf6' failed
make[1]: *** [cmTC_89bf6] Error 1
make[1]: Leaving directory '/home/pi/src/mav_ws/build/mav_control_interface/CMakeFiles/CMakeTmp'
Makefile:126: recipe for target 'cmTC_89bf6/fast' failed
make: *** [cmTC_89bf6/fast] Error 2

File /home/pi/src/mav_ws/build/mav_control_interface/CMakeFiles/CMakeTmp/CheckSymbolExists.c:
/* */
#include <pthread.h>

int main(int argc, char** argv)
{
  (void)argv;
#ifndef pthread_create
  return ((int*)(&pthread_create))[argc];
#else
  (void)argc;
  return 0;
#endif
}

Determining if the function pthread_create exists in the pthreads failed with the following output:
Change Dir: /home/pi/src/mav_ws/build/mav_control_interface/CMakeFiles/CMakeTmp

Run Build Command:"/usr/bin/make" "cmTC_18062/fast"
/usr/bin/make -f CMakeFiles/cmTC_18062.dir/build.make CMakeFiles/cmTC_18062.dir/build
make[1]: Entering directory '/home/pi/src/mav_ws/build/mav_control_interface/CMakeFiles/CMakeTmp'
Building C object CMakeFiles/cmTC_18062.dir/CheckFunctionExists.c.o
/usr/bin/cc    -DCHECK_FUNCTION_EXISTS=pthread_create   -o CMakeFiles/cmTC_18062.dir/CheckFunctionExists.c.o   -c /usr/share/cmake-3.5/Modules/CheckFunctionExists.c
Linking C executable cmTC_18062
/usr/bin/cmake -E cmake_link_script CMakeFiles/cmTC_18062.dir/link.txt --verbose=1
/usr/bin/cc   -DCHECK_FUNCTION_EXISTS=pthread_create    CMakeFiles/cmTC_18062.dir/CheckFunctionExists.c.o  -o cmTC_18062 -rdynamic -lpthreads 
/usr/bin/ld: cannot find -lpthreads
collect2: error: ld returned 1 exit status
CMakeFiles/cmTC_18062.dir/build.make:97: recipe for target 'cmTC_18062' failed
make[1]: *** [cmTC_18062] Error 1
make[1]: Leaving directory '/home/pi/src/mav_ws/build/mav_control_interface/CMakeFiles/CMakeTmp'
Makefile:126: recipe for target 'cmTC_18062/fast' failed
make: *** [cmTC_18062/fast] Error 2


